{
  "uid" : "390015fd2177ab1",
  "name" : "test_AT_7_vrt_main_page_click_on_the_yellow_button",
  "fullName" : "tests.Regression testing.VRT.Login.test_Regression_testing_VRT_Login#test_AT_7_vrt_main_page_click_on_the_yellow_button",
  "historyId" : "be13c759e8f61714166e8f43e2fd10d1",
  "time" : {
    "start" : 1611121095489,
    "stop" : 1611121147291,
    "duration" : 51802
  },
  "status" : "broken",
  "statusMessage" : "selenium.common.exceptions.TimeoutException: Message: Can't find element by locator ('xpath', \"//span[contains(text(),'Войти1')]\")",
  "statusTrace" : "browser = <selenium.webdriver.remote.webdriver.WebDriver (session=\"7f4fc3e1c5255a666291d85387141f5e\")>\n\n    @allure.testcase(\"https://app.qase.io/case/AT-7\")\n    @allure.feature(\"login\")\n    @allure.title(\"test_AT_7_vrt_main_page_click_on_the_yellow_button\")\n    @pytest.mark.smoke\n    @allure.tag(\"test_UI\")\n    def test_AT_7_vrt_main_page_click_on_the_yellow_button(browser):\n        main_page = MainPageHelper(browser)\n        main_page.go_to_site(\"/\")\n>       main_page.click_on_the_yellow_button()\n\ntests/Regression testing/VRT/Login/test_Regression_testing_VRT_Login.py:18: \n_ _ _ _ _ _ _ _ _ _ _ _ _ _ _ _ _ _ _ _ _ _ _ _ _ _ _ _ _ _ _ _ _ _ _ _ _ _ _ _ \nsrc/pages/main_page.py:19: in click_on_the_yellow_button\n    self.find_element(MainPageLoginLokators.LOCATOR_BUTTON_LOGIN).click()\nsrc/base_page.py:17: in find_element\n    return WebDriverWait(self.driver, time).until(EC.presence_of_element_located(locator),\n_ _ _ _ _ _ _ _ _ _ _ _ _ _ _ _ _ _ _ _ _ _ _ _ _ _ _ _ _ _ _ _ _ _ _ _ _ _ _ _ \n\nself = <selenium.webdriver.support.wait.WebDriverWait (session=\"7f4fc3e1c5255a666291d85387141f5e\")>\nmethod = <selenium.webdriver.support.expected_conditions.presence_of_element_located object at 0x7f4541ac7af0>\nmessage = 'Can\\'t find element by locator (\\'xpath\\', \"//span[contains(text(),\\'Войти1\\')]\")'\n\n    def until(self, method, message=''):\n        \"\"\"Calls the method provided with the driver as an argument until the \\\n        return value is not False.\"\"\"\n        screen = None\n        stacktrace = None\n    \n        end_time = time.time() + self._timeout\n        while True:\n            try:\n                value = method(self._driver)\n                if value:\n                    return value\n            except self._ignored_exceptions as exc:\n                screen = getattr(exc, 'screen', None)\n                stacktrace = getattr(exc, 'stacktrace', None)\n            time.sleep(self._poll)\n            if time.time() > end_time:\n                break\n>       raise TimeoutException(message, screen, stacktrace)\nE       selenium.common.exceptions.TimeoutException: Message: Can't find element by locator ('xpath', \"//span[contains(text(),'Войти1')]\")\n\n/opt/hostedtoolcache/Python/3.8.7/x64/lib/python3.8/site-packages/selenium/webdriver/support/wait.py:80: TimeoutException",
  "flaky" : false,
  "newFailed" : false,
  "beforeStages" : [ {
    "name" : "browser",
    "time" : {
      "start" : 1611121092847,
      "stop" : 1611121095488,
      "duration" : 2641
    },
    "status" : "passed",
    "steps" : [ ],
    "attachments" : [ ],
    "parameters" : [ ],
    "stepsCount" : 0,
    "attachmentsCount" : 0,
    "shouldDisplayMessage" : false,
    "hasContent" : false
  } ],
  "testStage" : {
    "status" : "broken",
    "statusMessage" : "selenium.common.exceptions.TimeoutException: Message: Can't find element by locator ('xpath', \"//span[contains(text(),'Войти1')]\")",
    "statusTrace" : "browser = <selenium.webdriver.remote.webdriver.WebDriver (session=\"7f4fc3e1c5255a666291d85387141f5e\")>\n\n    @allure.testcase(\"https://app.qase.io/case/AT-7\")\n    @allure.feature(\"login\")\n    @allure.title(\"test_AT_7_vrt_main_page_click_on_the_yellow_button\")\n    @pytest.mark.smoke\n    @allure.tag(\"test_UI\")\n    def test_AT_7_vrt_main_page_click_on_the_yellow_button(browser):\n        main_page = MainPageHelper(browser)\n        main_page.go_to_site(\"/\")\n>       main_page.click_on_the_yellow_button()\n\ntests/Regression testing/VRT/Login/test_Regression_testing_VRT_Login.py:18: \n_ _ _ _ _ _ _ _ _ _ _ _ _ _ _ _ _ _ _ _ _ _ _ _ _ _ _ _ _ _ _ _ _ _ _ _ _ _ _ _ \nsrc/pages/main_page.py:19: in click_on_the_yellow_button\n    self.find_element(MainPageLoginLokators.LOCATOR_BUTTON_LOGIN).click()\nsrc/base_page.py:17: in find_element\n    return WebDriverWait(self.driver, time).until(EC.presence_of_element_located(locator),\n_ _ _ _ _ _ _ _ _ _ _ _ _ _ _ _ _ _ _ _ _ _ _ _ _ _ _ _ _ _ _ _ _ _ _ _ _ _ _ _ \n\nself = <selenium.webdriver.support.wait.WebDriverWait (session=\"7f4fc3e1c5255a666291d85387141f5e\")>\nmethod = <selenium.webdriver.support.expected_conditions.presence_of_element_located object at 0x7f4541ac7af0>\nmessage = 'Can\\'t find element by locator (\\'xpath\\', \"//span[contains(text(),\\'Войти1\\')]\")'\n\n    def until(self, method, message=''):\n        \"\"\"Calls the method provided with the driver as an argument until the \\\n        return value is not False.\"\"\"\n        screen = None\n        stacktrace = None\n    \n        end_time = time.time() + self._timeout\n        while True:\n            try:\n                value = method(self._driver)\n                if value:\n                    return value\n            except self._ignored_exceptions as exc:\n                screen = getattr(exc, 'screen', None)\n                stacktrace = getattr(exc, 'stacktrace', None)\n            time.sleep(self._poll)\n            if time.time() > end_time:\n                break\n>       raise TimeoutException(message, screen, stacktrace)\nE       selenium.common.exceptions.TimeoutException: Message: Can't find element by locator ('xpath', \"//span[contains(text(),'Войти1')]\")\n\n/opt/hostedtoolcache/Python/3.8.7/x64/lib/python3.8/site-packages/selenium/webdriver/support/wait.py:80: TimeoutException",
    "steps" : [ {
      "name" : "go_to_site",
      "time" : {
        "start" : 1611121119415,
        "stop" : 1611121121767,
        "duration" : 2352
      },
      "status" : "passed",
      "steps" : [ ],
      "attachments" : [ ],
      "parameters" : [ {
        "name" : "url",
        "value" : "'/'"
      } ],
      "stepsCount" : 0,
      "attachmentsCount" : 0,
      "shouldDisplayMessage" : false,
      "hasContent" : true
    }, {
      "name" : "click_on_the_yellow_button",
      "time" : {
        "start" : 1611121121767,
        "stop" : 1611121147291,
        "duration" : 25524
      },
      "status" : "broken",
      "statusMessage" : "selenium.common.exceptions.TimeoutException: Message: Can't find element by locator ('xpath', \"//span[contains(text(),'Войти1')]\")\n\n",
      "statusTrace" : "  File \"/opt/hostedtoolcache/Python/3.8.7/x64/lib/python3.8/site-packages/allure_commons/_allure.py\", line 172, in impl\n    return func(*a, **kw)\n  File \"/home/runner/work/QA_automation_project_example/QA_automation_project_example/src/pages/main_page.py\", line 19, in click_on_the_yellow_button\n    self.find_element(MainPageLoginLokators.LOCATOR_BUTTON_LOGIN).click()\n  File \"/opt/hostedtoolcache/Python/3.8.7/x64/lib/python3.8/site-packages/allure_commons/_allure.py\", line 172, in impl\n    return func(*a, **kw)\n  File \"/home/runner/work/QA_automation_project_example/QA_automation_project_example/src/base_page.py\", line 17, in find_element\n    return WebDriverWait(self.driver, time).until(EC.presence_of_element_located(locator),\n  File \"/opt/hostedtoolcache/Python/3.8.7/x64/lib/python3.8/site-packages/selenium/webdriver/support/wait.py\", line 80, in until\n    raise TimeoutException(message, screen, stacktrace)\n",
      "steps" : [ {
        "name" : "find_element",
        "time" : {
          "start" : 1611121121767,
          "stop" : 1611121147291,
          "duration" : 25524
        },
        "status" : "broken",
        "statusMessage" : "selenium.common.exceptions.TimeoutException: Message: Can't find element by locator ('xpath', \"//span[contains(text(),'Войти1')]\")\n\n",
        "statusTrace" : "  File \"/opt/hostedtoolcache/Python/3.8.7/x64/lib/python3.8/site-packages/allure_commons/_allure.py\", line 172, in impl\n    return func(*a, **kw)\n  File \"/home/runner/work/QA_automation_project_example/QA_automation_project_example/src/base_page.py\", line 17, in find_element\n    return WebDriverWait(self.driver, time).until(EC.presence_of_element_located(locator),\n  File \"/opt/hostedtoolcache/Python/3.8.7/x64/lib/python3.8/site-packages/selenium/webdriver/support/wait.py\", line 80, in until\n    raise TimeoutException(message, screen, stacktrace)\n",
        "steps" : [ ],
        "attachments" : [ ],
        "parameters" : [ {
          "name" : "locator",
          "value" : "('xpath', \"//span[contains(text(),'Войти1')]\")"
        }, {
          "name" : "time",
          "value" : "25"
        } ],
        "stepsCount" : 0,
        "attachmentsCount" : 0,
        "shouldDisplayMessage" : true,
        "hasContent" : true
      } ],
      "attachments" : [ ],
      "parameters" : [ ],
      "stepsCount" : 1,
      "attachmentsCount" : 0,
      "shouldDisplayMessage" : false,
      "hasContent" : true
    } ],
    "attachments" : [ {
      "uid" : "2302baa1f990f69e",
      "name" : "screenshot",
      "source" : "2302baa1f990f69e.png",
      "type" : "image/png",
      "size" : 200136
    } ],
    "parameters" : [ ],
    "stepsCount" : 3,
    "attachmentsCount" : 1,
    "shouldDisplayMessage" : true,
    "hasContent" : true
  },
  "afterStages" : [ {
    "name" : "browser::0",
    "time" : {
      "start" : 1611121147772,
      "stop" : 1611121147828,
      "duration" : 56
    },
    "status" : "passed",
    "steps" : [ ],
    "attachments" : [ ],
    "parameters" : [ ],
    "stepsCount" : 0,
    "attachmentsCount" : 0,
    "shouldDisplayMessage" : false,
    "hasContent" : false
  } ],
  "labels" : [ {
    "name" : "tag",
    "value" : "test_UI"
  }, {
    "name" : "feature",
    "value" : "login"
  }, {
    "name" : "tag",
    "value" : "smoke"
  }, {
    "name" : "parentSuite",
    "value" : "tests.Regression testing.VRT.Login"
  }, {
    "name" : "suite",
    "value" : "test_Regression_testing_VRT_Login"
  }, {
    "name" : "host",
    "value" : "fv-az32-67"
  }, {
    "name" : "thread",
    "value" : "4755-MainThread"
  }, {
    "name" : "framework",
    "value" : "pytest"
  }, {
    "name" : "language",
    "value" : "cpython3"
  }, {
    "name" : "package",
    "value" : "tests.Regression testing.VRT.Login.test_Regression_testing_VRT_Login"
  }, {
    "name" : "resultFormat",
    "value" : "allure2"
  } ],
  "parameters" : [ ],
  "links" : [ {
    "name" : "https://app.qase.io/case/AT-7",
    "url" : "https://app.qase.io/case/AT-7",
    "type" : "test_case"
  } ],
  "hidden" : false,
  "retry" : false,
  "extra" : {
    "severity" : "normal",
    "retries" : [ ],
    "categories" : [ {
      "name" : "Test defects",
      "matchedStatuses" : [ ],
      "flaky" : false
    } ],
    "history" : {
      "statistic" : {
        "failed" : 0,
        "broken" : 1,
        "skipped" : 0,
        "passed" : 1,
        "unknown" : 0,
        "total" : 2
      },
      "items" : [ {
        "uid" : "99e8c592a4c62e9d",
        "reportUrl" : "https://Alex-temp-tech.github.io/QA_automation_project_example/10//#testresult/99e8c592a4c62e9d",
        "status" : "passed",
        "time" : {
          "start" : 1611116782343,
          "stop" : 1611116799973,
          "duration" : 17630
        }
      } ]
    },
    "tags" : [ "test_UI", "smoke" ]
  },
  "source" : "390015fd2177ab1.json",
  "parameterValues" : [ ]
}