{
  "uid" : "9433d8e3a5ec8435",
  "name" : "test_AT_1_login_from_main_page_with_valid_credentials",
  "fullName" : "tests.Regression testing.Smoke tests.Login.test_TestSmokeTesting#test_AT_1_login_from_main_page_with_valid_credentials",
  "historyId" : "d2dbc3d866c68ddd5b20d8daa3a723fa",
  "time" : {
    "start" : 1611121058201,
    "stop" : 1611121090432,
    "duration" : 32231
  },
  "status" : "broken",
  "statusMessage" : "selenium.common.exceptions.TimeoutException: Message: Can't find element by locator ('xpath', \"//span[contains(text(),'Войти1')]\")",
  "statusTrace" : "browser = <selenium.webdriver.remote.webdriver.WebDriver (session=\"a185da613d4e83d756ecbd55f47a3f3b\")>\n\n    @allure.testcase(\"https://app.qase.io/case/AT-1\")\n    @allure.feature(\"login\")\n    @allure.title(\"test_AT_1_login_from_main_page_with_valid_credentials\")\n    @pytest.mark.smoke\n    @allure.tag(\"test_UI\")\n    def test_AT_1_login_from_main_page_with_valid_credentials(browser):\n        main_page = MainPageHelper(browser)\n        main_page.go_to_site(\"/\")\n>       main_page.full_login(accounts.acc[\"radwexe\"])\n\ntests/Regression testing/Smoke tests/Login/test_TestSmokeTesting.py:16: \n_ _ _ _ _ _ _ _ _ _ _ _ _ _ _ _ _ _ _ _ _ _ _ _ _ _ _ _ _ _ _ _ _ _ _ _ _ _ _ _ \nsrc/pages/main_page.py:39: in full_login\n    self.click_on_the_yellow_button()\nsrc/pages/main_page.py:19: in click_on_the_yellow_button\n    self.find_element(MainPageLoginLokators.LOCATOR_BUTTON_LOGIN).click()\nsrc/base_page.py:17: in find_element\n    return WebDriverWait(self.driver, time).until(EC.presence_of_element_located(locator),\n_ _ _ _ _ _ _ _ _ _ _ _ _ _ _ _ _ _ _ _ _ _ _ _ _ _ _ _ _ _ _ _ _ _ _ _ _ _ _ _ \n\nself = <selenium.webdriver.support.wait.WebDriverWait (session=\"a185da613d4e83d756ecbd55f47a3f3b\")>\nmethod = <selenium.webdriver.support.expected_conditions.presence_of_element_located object at 0x7f36ef02b070>\nmessage = 'Can\\'t find element by locator (\\'xpath\\', \"//span[contains(text(),\\'Войти1\\')]\")'\n\n    def until(self, method, message=''):\n        \"\"\"Calls the method provided with the driver as an argument until the \\\n        return value is not False.\"\"\"\n        screen = None\n        stacktrace = None\n    \n        end_time = time.time() + self._timeout\n        while True:\n            try:\n                value = method(self._driver)\n                if value:\n                    return value\n            except self._ignored_exceptions as exc:\n                screen = getattr(exc, 'screen', None)\n                stacktrace = getattr(exc, 'stacktrace', None)\n            time.sleep(self._poll)\n            if time.time() > end_time:\n                break\n>       raise TimeoutException(message, screen, stacktrace)\nE       selenium.common.exceptions.TimeoutException: Message: Can't find element by locator ('xpath', \"//span[contains(text(),'Войти1')]\")\n\n/opt/hostedtoolcache/Python/3.8.7/x64/lib/python3.8/site-packages/selenium/webdriver/support/wait.py:80: TimeoutException",
  "flaky" : false,
  "newFailed" : false,
  "beforeStages" : [ {
    "name" : "browser",
    "time" : {
      "start" : 1611121053482,
      "stop" : 1611121058198,
      "duration" : 4716
    },
    "status" : "passed",
    "steps" : [ ],
    "attachments" : [ ],
    "parameters" : [ ],
    "stepsCount" : 0,
    "attachmentsCount" : 0,
    "shouldDisplayMessage" : false,
    "hasContent" : false
  } ],
  "testStage" : {
    "status" : "broken",
    "statusMessage" : "selenium.common.exceptions.TimeoutException: Message: Can't find element by locator ('xpath', \"//span[contains(text(),'Войти1')]\")",
    "statusTrace" : "browser = <selenium.webdriver.remote.webdriver.WebDriver (session=\"a185da613d4e83d756ecbd55f47a3f3b\")>\n\n    @allure.testcase(\"https://app.qase.io/case/AT-1\")\n    @allure.feature(\"login\")\n    @allure.title(\"test_AT_1_login_from_main_page_with_valid_credentials\")\n    @pytest.mark.smoke\n    @allure.tag(\"test_UI\")\n    def test_AT_1_login_from_main_page_with_valid_credentials(browser):\n        main_page = MainPageHelper(browser)\n        main_page.go_to_site(\"/\")\n>       main_page.full_login(accounts.acc[\"radwexe\"])\n\ntests/Regression testing/Smoke tests/Login/test_TestSmokeTesting.py:16: \n_ _ _ _ _ _ _ _ _ _ _ _ _ _ _ _ _ _ _ _ _ _ _ _ _ _ _ _ _ _ _ _ _ _ _ _ _ _ _ _ \nsrc/pages/main_page.py:39: in full_login\n    self.click_on_the_yellow_button()\nsrc/pages/main_page.py:19: in click_on_the_yellow_button\n    self.find_element(MainPageLoginLokators.LOCATOR_BUTTON_LOGIN).click()\nsrc/base_page.py:17: in find_element\n    return WebDriverWait(self.driver, time).until(EC.presence_of_element_located(locator),\n_ _ _ _ _ _ _ _ _ _ _ _ _ _ _ _ _ _ _ _ _ _ _ _ _ _ _ _ _ _ _ _ _ _ _ _ _ _ _ _ \n\nself = <selenium.webdriver.support.wait.WebDriverWait (session=\"a185da613d4e83d756ecbd55f47a3f3b\")>\nmethod = <selenium.webdriver.support.expected_conditions.presence_of_element_located object at 0x7f36ef02b070>\nmessage = 'Can\\'t find element by locator (\\'xpath\\', \"//span[contains(text(),\\'Войти1\\')]\")'\n\n    def until(self, method, message=''):\n        \"\"\"Calls the method provided with the driver as an argument until the \\\n        return value is not False.\"\"\"\n        screen = None\n        stacktrace = None\n    \n        end_time = time.time() + self._timeout\n        while True:\n            try:\n                value = method(self._driver)\n                if value:\n                    return value\n            except self._ignored_exceptions as exc:\n                screen = getattr(exc, 'screen', None)\n                stacktrace = getattr(exc, 'stacktrace', None)\n            time.sleep(self._poll)\n            if time.time() > end_time:\n                break\n>       raise TimeoutException(message, screen, stacktrace)\nE       selenium.common.exceptions.TimeoutException: Message: Can't find element by locator ('xpath', \"//span[contains(text(),'Войти1')]\")\n\n/opt/hostedtoolcache/Python/3.8.7/x64/lib/python3.8/site-packages/selenium/webdriver/support/wait.py:80: TimeoutException",
    "steps" : [ {
      "name" : "go_to_site",
      "time" : {
        "start" : 1611121059022,
        "stop" : 1611121064585,
        "duration" : 5563
      },
      "status" : "passed",
      "steps" : [ ],
      "attachments" : [ ],
      "parameters" : [ {
        "name" : "url",
        "value" : "'/'"
      } ],
      "stepsCount" : 0,
      "attachmentsCount" : 0,
      "shouldDisplayMessage" : false,
      "hasContent" : true
    }, {
      "name" : "full_login",
      "time" : {
        "start" : 1611121064585,
        "stop" : 1611121090432,
        "duration" : 25847
      },
      "status" : "broken",
      "statusMessage" : "selenium.common.exceptions.TimeoutException: Message: Can't find element by locator ('xpath', \"//span[contains(text(),'Войти1')]\")\n\n",
      "statusTrace" : "  File \"/opt/hostedtoolcache/Python/3.8.7/x64/lib/python3.8/site-packages/allure_commons/_allure.py\", line 172, in impl\n    return func(*a, **kw)\n  File \"/home/runner/work/QA_automation_project_example/QA_automation_project_example/src/pages/main_page.py\", line 39, in full_login\n    self.click_on_the_yellow_button()\n  File \"/opt/hostedtoolcache/Python/3.8.7/x64/lib/python3.8/site-packages/allure_commons/_allure.py\", line 172, in impl\n    return func(*a, **kw)\n  File \"/home/runner/work/QA_automation_project_example/QA_automation_project_example/src/pages/main_page.py\", line 19, in click_on_the_yellow_button\n    self.find_element(MainPageLoginLokators.LOCATOR_BUTTON_LOGIN).click()\n  File \"/opt/hostedtoolcache/Python/3.8.7/x64/lib/python3.8/site-packages/allure_commons/_allure.py\", line 172, in impl\n    return func(*a, **kw)\n  File \"/home/runner/work/QA_automation_project_example/QA_automation_project_example/src/base_page.py\", line 17, in find_element\n    return WebDriverWait(self.driver, time).until(EC.presence_of_element_located(locator),\n  File \"/opt/hostedtoolcache/Python/3.8.7/x64/lib/python3.8/site-packages/selenium/webdriver/support/wait.py\", line 80, in until\n    raise TimeoutException(message, screen, stacktrace)\n",
      "steps" : [ {
        "name" : "click_on_the_yellow_button",
        "time" : {
          "start" : 1611121064585,
          "stop" : 1611121090432,
          "duration" : 25847
        },
        "status" : "broken",
        "statusMessage" : "selenium.common.exceptions.TimeoutException: Message: Can't find element by locator ('xpath', \"//span[contains(text(),'Войти1')]\")\n\n",
        "statusTrace" : "  File \"/opt/hostedtoolcache/Python/3.8.7/x64/lib/python3.8/site-packages/allure_commons/_allure.py\", line 172, in impl\n    return func(*a, **kw)\n  File \"/home/runner/work/QA_automation_project_example/QA_automation_project_example/src/pages/main_page.py\", line 19, in click_on_the_yellow_button\n    self.find_element(MainPageLoginLokators.LOCATOR_BUTTON_LOGIN).click()\n  File \"/opt/hostedtoolcache/Python/3.8.7/x64/lib/python3.8/site-packages/allure_commons/_allure.py\", line 172, in impl\n    return func(*a, **kw)\n  File \"/home/runner/work/QA_automation_project_example/QA_automation_project_example/src/base_page.py\", line 17, in find_element\n    return WebDriverWait(self.driver, time).until(EC.presence_of_element_located(locator),\n  File \"/opt/hostedtoolcache/Python/3.8.7/x64/lib/python3.8/site-packages/selenium/webdriver/support/wait.py\", line 80, in until\n    raise TimeoutException(message, screen, stacktrace)\n",
        "steps" : [ {
          "name" : "find_element",
          "time" : {
            "start" : 1611121064585,
            "stop" : 1611121090431,
            "duration" : 25846
          },
          "status" : "broken",
          "statusMessage" : "selenium.common.exceptions.TimeoutException: Message: Can't find element by locator ('xpath', \"//span[contains(text(),'Войти1')]\")\n\n",
          "statusTrace" : "  File \"/opt/hostedtoolcache/Python/3.8.7/x64/lib/python3.8/site-packages/allure_commons/_allure.py\", line 172, in impl\n    return func(*a, **kw)\n  File \"/home/runner/work/QA_automation_project_example/QA_automation_project_example/src/base_page.py\", line 17, in find_element\n    return WebDriverWait(self.driver, time).until(EC.presence_of_element_located(locator),\n  File \"/opt/hostedtoolcache/Python/3.8.7/x64/lib/python3.8/site-packages/selenium/webdriver/support/wait.py\", line 80, in until\n    raise TimeoutException(message, screen, stacktrace)\n",
          "steps" : [ ],
          "attachments" : [ ],
          "parameters" : [ {
            "name" : "locator",
            "value" : "('xpath', \"//span[contains(text(),'Войти1')]\")"
          }, {
            "name" : "time",
            "value" : "25"
          } ],
          "stepsCount" : 0,
          "attachmentsCount" : 0,
          "shouldDisplayMessage" : true,
          "hasContent" : true
        } ],
        "attachments" : [ ],
        "parameters" : [ ],
        "stepsCount" : 1,
        "attachmentsCount" : 0,
        "shouldDisplayMessage" : false,
        "hasContent" : true
      } ],
      "attachments" : [ ],
      "parameters" : [ {
        "name" : "acc",
        "value" : "{'login': 'radwexe@mail.ru', 'pass': '111'}"
      } ],
      "stepsCount" : 2,
      "attachmentsCount" : 0,
      "shouldDisplayMessage" : false,
      "hasContent" : true
    } ],
    "attachments" : [ {
      "uid" : "52e2ae556495c9af",
      "name" : "screenshot",
      "source" : "52e2ae556495c9af.png",
      "type" : "image/png",
      "size" : 199804
    } ],
    "parameters" : [ ],
    "stepsCount" : 4,
    "attachmentsCount" : 1,
    "shouldDisplayMessage" : true,
    "hasContent" : true
  },
  "afterStages" : [ {
    "name" : "browser::0",
    "time" : {
      "start" : 1611121092048,
      "stop" : 1611121092118,
      "duration" : 70
    },
    "status" : "passed",
    "steps" : [ ],
    "attachments" : [ ],
    "parameters" : [ ],
    "stepsCount" : 0,
    "attachmentsCount" : 0,
    "shouldDisplayMessage" : false,
    "hasContent" : false
  } ],
  "labels" : [ {
    "name" : "feature",
    "value" : "login"
  }, {
    "name" : "tag",
    "value" : "test_UI"
  }, {
    "name" : "tag",
    "value" : "smoke"
  }, {
    "name" : "parentSuite",
    "value" : "tests.Regression testing.Smoke tests.Login"
  }, {
    "name" : "suite",
    "value" : "test_TestSmokeTesting"
  }, {
    "name" : "host",
    "value" : "fv-az32-67"
  }, {
    "name" : "thread",
    "value" : "4758-MainThread"
  }, {
    "name" : "framework",
    "value" : "pytest"
  }, {
    "name" : "language",
    "value" : "cpython3"
  }, {
    "name" : "package",
    "value" : "tests.Regression testing.Smoke tests.Login.test_TestSmokeTesting"
  }, {
    "name" : "resultFormat",
    "value" : "allure2"
  } ],
  "parameters" : [ ],
  "links" : [ {
    "name" : "https://app.qase.io/case/AT-1",
    "url" : "https://app.qase.io/case/AT-1",
    "type" : "test_case"
  } ],
  "hidden" : false,
  "retry" : false,
  "extra" : {
    "severity" : "normal",
    "retries" : [ ],
    "categories" : [ {
      "name" : "Test defects",
      "matchedStatuses" : [ ],
      "flaky" : false
    } ],
    "history" : {
      "statistic" : {
        "failed" : 0,
        "broken" : 1,
        "skipped" : 0,
        "passed" : 1,
        "unknown" : 0,
        "total" : 2
      },
      "items" : [ {
        "uid" : "2b0fc55913fb0acd",
        "reportUrl" : "https://Alex-temp-tech.github.io/QA_automation_project_example/10//#testresult/2b0fc55913fb0acd",
        "status" : "passed",
        "time" : {
          "start" : 1611116764342,
          "stop" : 1611116795953,
          "duration" : 31611
        }
      } ]
    },
    "tags" : [ "test_UI", "smoke" ]
  },
  "source" : "9433d8e3a5ec8435.json",
  "parameterValues" : [ ]
}