{
  "uid" : "d71182cb478c4beb",
  "name" : "vrt_main_page_modal_window_top_right_button_with_valid_credentials_before_click",
  "fullName" : "tests.Regression testing.VRT.Login.test_Regression_testing_VRT_Login#test_AT_8_vrt_main_page_modal_window_top_right_button_with_valid_credentials_before_click",
  "historyId" : "76ba5cf7c0d0e2559287d721b630c376",
  "time" : {
    "start" : 1611121086276,
    "stop" : 1611121117310,
    "duration" : 31034
  },
  "status" : "broken",
  "statusMessage" : "selenium.common.exceptions.TimeoutException: Message: Can't find element by locator ('xpath', \"//span[contains(text(),'Войти1')]\")",
  "statusTrace" : "browser = <selenium.webdriver.remote.webdriver.WebDriver (session=\"080e079cfea978305cbde12adadf1e79\")>\n\n    @allure.testcase(\"https://app.qase.io/case/AT-8\")\n    @allure.feature(\"login\")\n    @allure.title(\"vrt_main_page_modal_window_top_right_button_with_valid_credentials_before_click\")\n    @pytest.mark.smoke\n    @allure.tag(\"test_UI\")\n    def test_AT_8_vrt_main_page_modal_window_top_right_button_with_valid_credentials_before_click(browser):\n        main_page = MainPageHelper(browser)\n        main_page.go_to_site(\"/\")\n>       main_page.click_on_the_yellow_button()\n\ntests/Regression testing/VRT/Login/test_Regression_testing_VRT_Login.py:31: \n_ _ _ _ _ _ _ _ _ _ _ _ _ _ _ _ _ _ _ _ _ _ _ _ _ _ _ _ _ _ _ _ _ _ _ _ _ _ _ _ \nsrc/pages/main_page.py:19: in click_on_the_yellow_button\n    self.find_element(MainPageLoginLokators.LOCATOR_BUTTON_LOGIN).click()\nsrc/base_page.py:17: in find_element\n    return WebDriverWait(self.driver, time).until(EC.presence_of_element_located(locator),\n_ _ _ _ _ _ _ _ _ _ _ _ _ _ _ _ _ _ _ _ _ _ _ _ _ _ _ _ _ _ _ _ _ _ _ _ _ _ _ _ \n\nself = <selenium.webdriver.support.wait.WebDriverWait (session=\"080e079cfea978305cbde12adadf1e79\")>\nmethod = <selenium.webdriver.support.expected_conditions.presence_of_element_located object at 0x7fe45f738cd0>\nmessage = 'Can\\'t find element by locator (\\'xpath\\', \"//span[contains(text(),\\'Войти1\\')]\")'\n\n    def until(self, method, message=''):\n        \"\"\"Calls the method provided with the driver as an argument until the \\\n        return value is not False.\"\"\"\n        screen = None\n        stacktrace = None\n    \n        end_time = time.time() + self._timeout\n        while True:\n            try:\n                value = method(self._driver)\n                if value:\n                    return value\n            except self._ignored_exceptions as exc:\n                screen = getattr(exc, 'screen', None)\n                stacktrace = getattr(exc, 'stacktrace', None)\n            time.sleep(self._poll)\n            if time.time() > end_time:\n                break\n>       raise TimeoutException(message, screen, stacktrace)\nE       selenium.common.exceptions.TimeoutException: Message: Can't find element by locator ('xpath', \"//span[contains(text(),'Войти1')]\")\n\n/opt/hostedtoolcache/Python/3.8.7/x64/lib/python3.8/site-packages/selenium/webdriver/support/wait.py:80: TimeoutException",
  "flaky" : false,
  "newFailed" : false,
  "beforeStages" : [ {
    "name" : "browser",
    "time" : {
      "start" : 1611121083203,
      "stop" : 1611121086275,
      "duration" : 3072
    },
    "status" : "passed",
    "steps" : [ ],
    "attachments" : [ ],
    "parameters" : [ ],
    "stepsCount" : 0,
    "attachmentsCount" : 0,
    "shouldDisplayMessage" : false,
    "hasContent" : false
  } ],
  "testStage" : {
    "status" : "broken",
    "statusMessage" : "selenium.common.exceptions.TimeoutException: Message: Can't find element by locator ('xpath', \"//span[contains(text(),'Войти1')]\")",
    "statusTrace" : "browser = <selenium.webdriver.remote.webdriver.WebDriver (session=\"080e079cfea978305cbde12adadf1e79\")>\n\n    @allure.testcase(\"https://app.qase.io/case/AT-8\")\n    @allure.feature(\"login\")\n    @allure.title(\"vrt_main_page_modal_window_top_right_button_with_valid_credentials_before_click\")\n    @pytest.mark.smoke\n    @allure.tag(\"test_UI\")\n    def test_AT_8_vrt_main_page_modal_window_top_right_button_with_valid_credentials_before_click(browser):\n        main_page = MainPageHelper(browser)\n        main_page.go_to_site(\"/\")\n>       main_page.click_on_the_yellow_button()\n\ntests/Regression testing/VRT/Login/test_Regression_testing_VRT_Login.py:31: \n_ _ _ _ _ _ _ _ _ _ _ _ _ _ _ _ _ _ _ _ _ _ _ _ _ _ _ _ _ _ _ _ _ _ _ _ _ _ _ _ \nsrc/pages/main_page.py:19: in click_on_the_yellow_button\n    self.find_element(MainPageLoginLokators.LOCATOR_BUTTON_LOGIN).click()\nsrc/base_page.py:17: in find_element\n    return WebDriverWait(self.driver, time).until(EC.presence_of_element_located(locator),\n_ _ _ _ _ _ _ _ _ _ _ _ _ _ _ _ _ _ _ _ _ _ _ _ _ _ _ _ _ _ _ _ _ _ _ _ _ _ _ _ \n\nself = <selenium.webdriver.support.wait.WebDriverWait (session=\"080e079cfea978305cbde12adadf1e79\")>\nmethod = <selenium.webdriver.support.expected_conditions.presence_of_element_located object at 0x7fe45f738cd0>\nmessage = 'Can\\'t find element by locator (\\'xpath\\', \"//span[contains(text(),\\'Войти1\\')]\")'\n\n    def until(self, method, message=''):\n        \"\"\"Calls the method provided with the driver as an argument until the \\\n        return value is not False.\"\"\"\n        screen = None\n        stacktrace = None\n    \n        end_time = time.time() + self._timeout\n        while True:\n            try:\n                value = method(self._driver)\n                if value:\n                    return value\n            except self._ignored_exceptions as exc:\n                screen = getattr(exc, 'screen', None)\n                stacktrace = getattr(exc, 'stacktrace', None)\n            time.sleep(self._poll)\n            if time.time() > end_time:\n                break\n>       raise TimeoutException(message, screen, stacktrace)\nE       selenium.common.exceptions.TimeoutException: Message: Can't find element by locator ('xpath', \"//span[contains(text(),'Войти1')]\")\n\n/opt/hostedtoolcache/Python/3.8.7/x64/lib/python3.8/site-packages/selenium/webdriver/support/wait.py:80: TimeoutException",
    "steps" : [ {
      "name" : "go_to_site",
      "time" : {
        "start" : 1611121086806,
        "stop" : 1611121091519,
        "duration" : 4713
      },
      "status" : "passed",
      "steps" : [ ],
      "attachments" : [ ],
      "parameters" : [ {
        "name" : "url",
        "value" : "'/'"
      } ],
      "stepsCount" : 0,
      "attachmentsCount" : 0,
      "shouldDisplayMessage" : false,
      "hasContent" : true
    }, {
      "name" : "click_on_the_yellow_button",
      "time" : {
        "start" : 1611121091520,
        "stop" : 1611121117310,
        "duration" : 25790
      },
      "status" : "broken",
      "statusMessage" : "selenium.common.exceptions.TimeoutException: Message: Can't find element by locator ('xpath', \"//span[contains(text(),'Войти1')]\")\n\n",
      "statusTrace" : "  File \"/opt/hostedtoolcache/Python/3.8.7/x64/lib/python3.8/site-packages/allure_commons/_allure.py\", line 172, in impl\n    return func(*a, **kw)\n  File \"/home/runner/work/QA_automation_project_example/QA_automation_project_example/src/pages/main_page.py\", line 19, in click_on_the_yellow_button\n    self.find_element(MainPageLoginLokators.LOCATOR_BUTTON_LOGIN).click()\n  File \"/opt/hostedtoolcache/Python/3.8.7/x64/lib/python3.8/site-packages/allure_commons/_allure.py\", line 172, in impl\n    return func(*a, **kw)\n  File \"/home/runner/work/QA_automation_project_example/QA_automation_project_example/src/base_page.py\", line 17, in find_element\n    return WebDriverWait(self.driver, time).until(EC.presence_of_element_located(locator),\n  File \"/opt/hostedtoolcache/Python/3.8.7/x64/lib/python3.8/site-packages/selenium/webdriver/support/wait.py\", line 80, in until\n    raise TimeoutException(message, screen, stacktrace)\n",
      "steps" : [ {
        "name" : "find_element",
        "time" : {
          "start" : 1611121091520,
          "stop" : 1611121117310,
          "duration" : 25790
        },
        "status" : "broken",
        "statusMessage" : "selenium.common.exceptions.TimeoutException: Message: Can't find element by locator ('xpath', \"//span[contains(text(),'Войти1')]\")\n\n",
        "statusTrace" : "  File \"/opt/hostedtoolcache/Python/3.8.7/x64/lib/python3.8/site-packages/allure_commons/_allure.py\", line 172, in impl\n    return func(*a, **kw)\n  File \"/home/runner/work/QA_automation_project_example/QA_automation_project_example/src/base_page.py\", line 17, in find_element\n    return WebDriverWait(self.driver, time).until(EC.presence_of_element_located(locator),\n  File \"/opt/hostedtoolcache/Python/3.8.7/x64/lib/python3.8/site-packages/selenium/webdriver/support/wait.py\", line 80, in until\n    raise TimeoutException(message, screen, stacktrace)\n",
        "steps" : [ ],
        "attachments" : [ ],
        "parameters" : [ {
          "name" : "locator",
          "value" : "('xpath', \"//span[contains(text(),'Войти1')]\")"
        }, {
          "name" : "time",
          "value" : "25"
        } ],
        "stepsCount" : 0,
        "attachmentsCount" : 0,
        "shouldDisplayMessage" : true,
        "hasContent" : true
      } ],
      "attachments" : [ ],
      "parameters" : [ ],
      "stepsCount" : 1,
      "attachmentsCount" : 0,
      "shouldDisplayMessage" : false,
      "hasContent" : true
    } ],
    "attachments" : [ {
      "uid" : "c4dbb8272af4c894",
      "name" : "screenshot",
      "source" : "c4dbb8272af4c894.png",
      "type" : "image/png",
      "size" : 199933
    } ],
    "parameters" : [ ],
    "stepsCount" : 3,
    "attachmentsCount" : 1,
    "shouldDisplayMessage" : true,
    "hasContent" : true
  },
  "afterStages" : [ {
    "name" : "browser::0",
    "time" : {
      "start" : 1611121117893,
      "stop" : 1611121117947,
      "duration" : 54
    },
    "status" : "passed",
    "steps" : [ ],
    "attachments" : [ ],
    "parameters" : [ ],
    "stepsCount" : 0,
    "attachmentsCount" : 0,
    "shouldDisplayMessage" : false,
    "hasContent" : false
  } ],
  "labels" : [ {
    "name" : "tag",
    "value" : "test_UI"
  }, {
    "name" : "feature",
    "value" : "login"
  }, {
    "name" : "tag",
    "value" : "smoke"
  }, {
    "name" : "parentSuite",
    "value" : "tests.Regression testing.VRT.Login"
  }, {
    "name" : "suite",
    "value" : "test_Regression_testing_VRT_Login"
  }, {
    "name" : "host",
    "value" : "fv-az32-67"
  }, {
    "name" : "thread",
    "value" : "4762-MainThread"
  }, {
    "name" : "framework",
    "value" : "pytest"
  }, {
    "name" : "language",
    "value" : "cpython3"
  }, {
    "name" : "package",
    "value" : "tests.Regression testing.VRT.Login.test_Regression_testing_VRT_Login"
  }, {
    "name" : "resultFormat",
    "value" : "allure2"
  } ],
  "parameters" : [ ],
  "links" : [ {
    "name" : "https://app.qase.io/case/AT-8",
    "url" : "https://app.qase.io/case/AT-8",
    "type" : "test_case"
  } ],
  "hidden" : false,
  "retry" : false,
  "extra" : {
    "severity" : "normal",
    "retries" : [ ],
    "categories" : [ {
      "name" : "Test defects",
      "matchedStatuses" : [ ],
      "flaky" : false
    } ],
    "history" : {
      "statistic" : {
        "failed" : 0,
        "broken" : 1,
        "skipped" : 0,
        "passed" : 1,
        "unknown" : 0,
        "total" : 2
      },
      "items" : [ {
        "uid" : "4de1e7b6a8911d47",
        "reportUrl" : "https://Alex-temp-tech.github.io/QA_automation_project_example/10//#testresult/4de1e7b6a8911d47",
        "status" : "passed",
        "time" : {
          "start" : 1611116800640,
          "stop" : 1611116810996,
          "duration" : 10356
        }
      } ]
    },
    "tags" : [ "test_UI", "smoke" ]
  },
  "source" : "d71182cb478c4beb.json",
  "parameterValues" : [ ]
}